  Array.cpp
G:\Algorithms\Delphi_data_struct\SimLib\Object.h(9,49): error C2821: “operator new”的第一个形参必须为“size_t”
  DynamicArray.cpp
G:\Algorithms\Delphi_data_struct\SimLib\Object.h(11,50): error C2821: “operator new”的第一个形参必须为“size_t”
G:\Algorithms\Delphi_data_struct\SimLib\Object.h(9,49): error C2821: “operator new”的第一个形参必须为“size_t”
  Exception.cpp
G:\Algorithms\Delphi_data_struct\SimLib\Object.h(11,50): error C2821: “operator new”的第一个形参必须为“size_t”
G:\Algorithms\Delphi_data_struct\SimLib\Object.h(9,49): error C2821: “operator new”的第一个形参必须为“size_t”
G:\Algorithms\Delphi_data_struct\SimLib\Object.h(11,50): error C2821: “operator new”的第一个形参必须为“size_t”
G:\Algorithms\Delphi_data_struct\SimLib\Exception.cpp(21,2): error C4996: 'strcpy': This function or variable may be unsafe. Consider using strcpy_s instead. To disable deprecation, use _CRT_SECURE_NO_WARNINGS. See online help for details.
D:\Windows Kits\10\Include\10.0.18362.0\ucrt\string.h(133): message : 参见“strcpy”的声明
G:\Algorithms\Delphi_data_struct\SimLib\Exception.cpp(22,2): error C4996: 'strcat': This function or variable may be unsafe. Consider using strcat_s instead. To disable deprecation, use _CRT_SECURE_NO_WARNINGS. See online help for details.
D:\Windows Kits\10\Include\10.0.18362.0\ucrt\string.h(90): message : 参见“strcat”的声明
G:\Algorithms\Delphi_data_struct\SimLib\Exception.cpp(23,2): error C4996: 'strcat': This function or variable may be unsafe. Consider using strcat_s instead. To disable deprecation, use _CRT_SECURE_NO_WARNINGS. See online help for details.
  List.cpp
D:\Windows Kits\10\Include\10.0.18362.0\ucrt\string.h(90): message : 参见“strcat”的声明
G:\Algorithms\Delphi_data_struct\SimLib\Object.h(9,49): error C2821: “operator new”的第一个形参必须为“size_t”
  Object.cpp
G:\Algorithms\Delphi_data_struct\SimLib\Object.h(11,50): error C2821: “operator new”的第一个形参必须为“size_t”
G:\Algorithms\Delphi_data_struct\SimLib\Object.h(9,49): error C2821: “operator new”的第一个形参必须为“size_t”
  main.cpp
G:\Algorithms\Delphi_data_struct\SimLib\Object.h(11,50): error C2821: “operator new”的第一个形参必须为“size_t”
G:\Algorithms\Delphi_data_struct\SimLib\Object.h(9,49): error C2821: “operator new”的第一个形参必须为“size_t”
  StaticList.cpp
G:\Algorithms\Delphi_data_struct\SimLib\Object.h(11,50): error C2821: “operator new”的第一个形参必须为“size_t”
G:\Algorithms\Delphi_data_struct\SimLib\Object.h(9,49): error C2821: “operator new”的第一个形参必须为“size_t”
  正在生成代码...
G:\Algorithms\Delphi_data_struct\SimLib\Object.h(11,50): error C2821: “operator new”的第一个形参必须为“size_t”
